* Starting client
* Connecting to master process on port 3169
* Analyzing classpath: 
  - /Users/zytfo/Desktop/University/IP-Java/hw2/target/test-classes
  - /Users/zytfo/Desktop/University/IP-Java/hw2/target/classes
  - /Users/zytfo/.m2/repository/log4j/log4j/1.2.17/log4j-1.2.17.jar
  - /Users/zytfo/.m2/repository/junit/junit/4.12/junit-4.12.jar
  - /Users/zytfo/.m2/repository/org/hamcrest/hamcrest-core/1.3/hamcrest-core-1.3.jar
  - /Users/zytfo/.m2/repository/org/mockito/mockito-all/1.9.5/mockito-all-1.9.5.jar
* Finished analyzing classpath
* Generating tests for class plugins.Power
* Test criteria:
  - Line Coverage
  - Branch Coverage
  - Exception
  - Mutation testing (weak)
  - Method-Output Coverage
  - Top-Level Method Coverage
  - No-Exception Top-Level Method Coverage
  - Context Branch Coverage
* Setting up search algorithm for whole suite generation
[MASTER] 14:53:43.528 [pool-2-thread-1] WARN  TestSuiteSerialization - Cannot load tests because file does not exist: /Users/zytfo/Desktop/University/IP-Java/hw2/.evosuite/evosuite-seeds/plugins.Power.seed
* Loaded 0 tests from /Users/zytfo/Desktop/University/IP-Java/hw2/.evosuite/evosuite-seeds/plugins.Power.seed
* Total number of test goals: 
  - Line 5
  - Branch 2
  - Exception 0
  - MutationFactory 2
  - Output 23
  - Method 2
  - MethodNoException 2
  - CBranchFitnessFactory 2
* Using seed 1543665211167
* Starting evolution
[MASTER] 14:53:44.020 [pool-2-thread-1] WARN  TimeController - Phase INITIALIZATION lasted too long, 6 seconds more than allowed.
* Search finished after 39s and 311 generations, 62563 statements, best individual has fitness: 3.0
* Writing sequences to pool
* Minimizing test suite
* Going to analyze the coverage criteria
* Coverage analysis for criterion LINE
* Coverage of criterion LINE: 100%
* Total number of goals: 5
* Number of covered goals: 5
* Coverage analysis for criterion BRANCH
* Coverage of criterion BRANCH: 100%
* Total number of goals: 2
* Number of covered goals: 2
* Coverage analysis for criterion EXCEPTION
* Coverage of criterion EXCEPTION: 100% (no goals)
* Coverage analysis for criterion WEAKMUTATION
* Coverage of criterion WEAKMUTATION: 100%
* Total number of goals: 2
* Number of covered goals: 2
* Coverage analysis for criterion OUTPUT
* Coverage of criterion OUTPUT: 91%
* Total number of goals: 23
* Number of covered goals: 21
* Coverage analysis for criterion METHOD
* Coverage of criterion METHOD: 100%
* Total number of goals: 2
* Number of covered goals: 2
* Coverage analysis for criterion METHODNOEXCEPTION
* Coverage of criterion METHODNOEXCEPTION: 100%
* Total number of goals: 2
* Number of covered goals: 2
* Coverage analysis for criterion CBRANCH
* Coverage of criterion CBRANCH: 100%
* Total number of goals: 2
* Number of covered goals: 2
* Generated 4 tests with total length 8
* Resulting test suite's coverage: 99% (average coverage for all fitness functions)
* Generating assertions
* Resulting test suite's mutation score: 80%
* Compiling and checking tests
[MASTER] 14:54:30.343 [pool-2-thread-1] WARN  TestSuiteGenerator - JUnit checking timed out
* Writing JUnit test case 'Power_ESTest' to /Users/zytfo/Desktop/University/IP-Java/hw2/.evosuite/tmp_2018_12_01_14_48_25/tests
* Done!

