[MASTER] 14:54:03.356 [TEST_EXECUTION_THREAD_0] ERROR FunctionalMockStatement - Cannot use Mockito on class java.io.DataInputStream due to IAE: 
Mockito cannot mock this class: class java.io.DataInputStream.

Mockito can only mock non-private & non-final classes.
If you're not sure why you're getting this error, please report to the mailing list.


Java               : 1.8
JVM vendor name    : Oracle Corporation
JVM vendor version : 25.151-b12
JVM name           : Java HotSpot(TM) 64-Bit Server VM
JVM version        : 1.8.0_151-b12
JVM info           : mixed mode
OS name            : Mac OS X
OS version         : 10.13.4


Underlying exception : java.lang.IllegalArgumentException: Could not create type
[MASTER] 14:54:03.489 [TEST_EXECUTION_THREAD_1] ERROR FunctionalMockStatement - Cannot use Mockito on class java.net.URLStreamHandler due to IAE: 
Mockito cannot mock this class: class java.net.URLStreamHandler.

Mockito can only mock non-private & non-final classes.
If you're not sure why you're getting this error, please report to the mailing list.


Java               : 1.8
JVM vendor name    : Oracle Corporation
JVM vendor version : 25.151-b12
JVM name           : Java HotSpot(TM) 64-Bit Server VM
JVM version        : 1.8.0_151-b12
JVM info           : mixed mode
OS name            : Mac OS X
OS version         : 10.13.4


Underlying exception : java.lang.IllegalArgumentException: Could not create type
[MASTER] 14:54:03.597 [TEST_EXECUTION_THREAD_1] ERROR FunctionalMockStatement - Cannot use Mockito on interface org.apache.log4j.spi.LoggerRepository due to IAE: 
Mockito cannot mock this class: interface org.apache.log4j.spi.LoggerRepository.

Mockito can only mock non-private & non-final classes.
If you're not sure why you're getting this error, please report to the mailing list.


Java               : 1.8
JVM vendor name    : Oracle Corporation
JVM vendor version : 25.151-b12
JVM name           : Java HotSpot(TM) 64-Bit Server VM
JVM version        : 1.8.0_151-b12
JVM info           : mixed mode
OS name            : Mac OS X
OS version         : 10.13.4


Underlying exception : java.lang.IllegalArgumentException: Could not create type
[MASTER] 14:54:03.643 [TEST_EXECUTION_THREAD_1] ERROR FunctionalMockStatement - Cannot use Mockito on interface client.MessageListener due to IAE: 
Mockito cannot mock this class: interface client.MessageListener.

Mockito can only mock non-private & non-final classes.
If you're not sure why you're getting this error, please report to the mailing list.


Java               : 1.8
JVM vendor name    : Oracle Corporation
JVM vendor version : 25.151-b12
JVM name           : Java HotSpot(TM) 64-Bit Server VM
JVM version        : 1.8.0_151-b12
JVM info           : mixed mode
OS name            : Mac OS X
OS version         : 10.13.4


Underlying exception : java.lang.IllegalArgumentException: Could not create type
[MASTER] 14:54:03.850 [TEST_EXECUTION_THREAD_1] ERROR FunctionalMockStatement - Cannot use Mockito on interface java.util.Enumeration due to IAE: 
Mockito cannot mock this class: interface java.util.Enumeration.

Mockito can only mock non-private & non-final classes.
If you're not sure why you're getting this error, please report to the mailing list.


Java               : 1.8
JVM vendor name    : Oracle Corporation
JVM vendor version : 25.151-b12
JVM name           : Java HotSpot(TM) 64-Bit Server VM
JVM version        : 1.8.0_151-b12
JVM info           : mixed mode
OS name            : Mac OS X
OS version         : 10.13.4


Underlying exception : java.lang.IllegalArgumentException: Could not create type
[MASTER] 14:54:14.319 [TEST_EXECUTION_THREAD_1] ERROR FunctionalMockStatement - Cannot use Mockito on interface org.apache.log4j.spi.RepositorySelector due to IAE: 
Mockito cannot mock this class: interface org.apache.log4j.spi.RepositorySelector.

Mockito can only mock non-private & non-final classes.
If you're not sure why you're getting this error, please report to the mailing list.


Java               : 1.8
JVM vendor name    : Oracle Corporation
JVM vendor version : 25.151-b12
JVM name           : Java HotSpot(TM) 64-Bit Server VM
JVM version        : 1.8.0_151-b12
JVM info           : mixed mode
OS name            : Mac OS X
OS version         : 10.13.4


Underlying exception : java.lang.IllegalArgumentException: Could not create type
