* Starting client
* Connecting to master process on port 19618
* Analyzing classpath: 
  - /Users/zytfo/Desktop/University/IP-Java/hw2/target/test-classes
  - /Users/zytfo/Desktop/University/IP-Java/hw2/target/classes
  - /Users/zytfo/.m2/repository/log4j/log4j/1.2.17/log4j-1.2.17.jar
  - /Users/zytfo/.m2/repository/junit/junit/4.12/junit-4.12.jar
  - /Users/zytfo/.m2/repository/org/hamcrest/hamcrest-core/1.3/hamcrest-core-1.3.jar
  - /Users/zytfo/.m2/repository/org/mockito/mockito-all/1.9.5/mockito-all-1.9.5.jar
* Finished analyzing classpath
* Generating tests for class chat.Message
* Test criteria:
  - Line Coverage
  - Branch Coverage
  - Exception
  - Mutation testing (weak)
  - Method-Output Coverage
  - Top-Level Method Coverage
  - No-Exception Top-Level Method Coverage
  - Context Branch Coverage
* Setting up search algorithm for whole suite generation
[MASTER] 14:55:07.627 [pool-2-thread-1] WARN  TestSuiteSerialization - Cannot load tests because file does not exist: /Users/zytfo/Desktop/University/IP-Java/hw2/.evosuite/evosuite-seeds/chat.Message.seed
* Loaded 0 tests from /Users/zytfo/Desktop/University/IP-Java/hw2/.evosuite/evosuite-seeds/chat.Message.seed
* Total number of test goals: 
  - Line 6
  - Branch 3
  - Exception 0
  - MutationFactory 0
  - Output 5
  - Method 3
  - MethodNoException 3
  - CBranchFitnessFactory 3
* Using seed 1543665294466
* Starting evolution
[MASTER] 14:55:08.084 [pool-2-thread-1] WARN  TimeController - Phase INITIALIZATION lasted too long, 6 seconds more than allowed.
* Search finished after 11s and 0 generations, 5230 statements, best individual has fitness: 1.0
* Writing sequences to pool
* Minimizing test suite
* Going to analyze the coverage criteria
* Coverage analysis for criterion LINE
* Coverage of criterion LINE: 100%
* Total number of goals: 6
* Number of covered goals: 6
* Coverage analysis for criterion BRANCH
* Coverage of criterion BRANCH: 100%
* Total number of goals: 3
* Number of covered goals: 3
* Coverage analysis for criterion EXCEPTION
* Coverage of criterion EXCEPTION: 100% (no goals)
* Coverage analysis for criterion WEAKMUTATION
* Coverage of criterion WEAKMUTATION: 100% (no goals)
* Coverage analysis for criterion OUTPUT
* Coverage of criterion OUTPUT: 100%
* Total number of goals: 5
* Number of covered goals: 5
* Coverage analysis for criterion METHOD
* Coverage of criterion METHOD: 100%
* Total number of goals: 3
* Number of covered goals: 3
* Coverage analysis for criterion METHODNOEXCEPTION
* Coverage of criterion METHODNOEXCEPTION: 100%
* Total number of goals: 3
* Number of covered goals: 3
* Coverage analysis for criterion CBRANCH
* Coverage of criterion CBRANCH: 100%
* Total number of goals: 3
* Number of covered goals: 3
* Generated 5 tests with total length 14
* Resulting test suite's coverage: 100% (average coverage for all fitness functions)
* Generating assertions
* Resulting test suite's mutation score: 100%
* Compiling and checking tests
* Writing JUnit test case 'Message_ESTest' to /Users/zytfo/Desktop/University/IP-Java/hw2/.evosuite/tmp_2018_12_01_14_48_25/tests
* Done!

