* Starting client
* Connecting to master process on port 9582
* Analyzing classpath: 
  - /Users/zytfo/Desktop/University/IP-Java/hw2/target/test-classes
  - /Users/zytfo/Desktop/University/IP-Java/hw2/target/classes
  - /Users/zytfo/.m2/repository/log4j/log4j/1.2.17/log4j-1.2.17.jar
  - /Users/zytfo/.m2/repository/junit/junit/4.12/junit-4.12.jar
  - /Users/zytfo/.m2/repository/org/hamcrest/hamcrest-core/1.3/hamcrest-core-1.3.jar
  - /Users/zytfo/.m2/repository/org/mockito/mockito-all/1.9.5/mockito-all-1.9.5.jar
* Finished analyzing classpath
* Generating tests for class client.MessageSender
* Test criteria:
  - Line Coverage
  - Branch Coverage
  - Exception
  - Mutation testing (weak)
  - Method-Output Coverage
  - Top-Level Method Coverage
  - No-Exception Top-Level Method Coverage
  - Context Branch Coverage
* Setting up search algorithm for whole suite generation
[MASTER] 14:54:55.936 [pool-2-thread-1] WARN  TestSuiteSerialization - Cannot load tests because file does not exist: /Users/zytfo/Desktop/University/IP-Java/hw2/.evosuite/evosuite-seeds/client.MessageSender.seed
* Loaded 0 tests from /Users/zytfo/Desktop/University/IP-Java/hw2/.evosuite/evosuite-seeds/client.MessageSender.seed
* Total number of test goals: 
  - Line 33
  - Branch 8
  - Exception 0
  - MutationFactory 4
  - Output 0
  - Method 7
  - MethodNoException 7
  - CBranchFitnessFactory 8
* Using seed 1543665283160
* Starting evolution
[MASTER] 14:54:56.414 [pool-2-thread-1] WARN  TimeController - Phase INITIALIZATION lasted too long, 6 seconds more than allowed.
* Search finished after 43s and 0 generations, 663 statements, best individual has fitness: 3.242424242424242
* Writing sequences to pool
[MASTER] 14:55:39.318 [pool-2-thread-1] WARN  TimeController - Phase SEARCH lasted too long, 5 seconds more than allowed.
* Minimizing test suite
[MASTER] 14:55:49.991 [pool-2-thread-1] WARN  TestSuiteMinimizer - Minimization timeout. Roll back to original test suite
[MASTER] 14:55:49.991 [pool-2-thread-1] WARN  TimeController - Phase MINIMIZATION lasted too long, 4 seconds more than allowed.
* Going to analyze the coverage criteria
* Coverage analysis for criterion LINE
* Coverage of criterion LINE: 70%
* Total number of goals: 33
* Number of covered goals: 23
* Coverage analysis for criterion BRANCH
* Coverage of criterion BRANCH: 100%
* Total number of goals: 8
* Number of covered goals: 8
* Coverage analysis for criterion EXCEPTION
* Coverage of criterion EXCEPTION: 100%
* Total number of goals: 2
* Number of covered goals: 2
* Coverage analysis for criterion WEAKMUTATION
* Coverage of criterion WEAKMUTATION: 75%
* Total number of goals: 4
* Number of covered goals: 3
* Coverage analysis for criterion OUTPUT
* Coverage of criterion OUTPUT: 100% (no goals)
* Coverage analysis for criterion METHOD
* Coverage of criterion METHOD: 100%
* Total number of goals: 7
* Number of covered goals: 7
* Coverage analysis for criterion METHODNOEXCEPTION
* Coverage of criterion METHODNOEXCEPTION: 100%
* Total number of goals: 7
* Number of covered goals: 7
* Coverage analysis for criterion CBRANCH
* Coverage of criterion CBRANCH: 100%
* Total number of goals: 8
* Number of covered goals: 8
* Generated 9 tests with total length 168
* Resulting test suite's coverage: 90% (average coverage for all fitness functions)
* Generating assertions
