* Starting client
* Connecting to master process on port 21270
* Analyzing classpath: 
  - /Users/zytfo/Desktop/University/IP-Java/hw2/target/test-classes
  - /Users/zytfo/Desktop/University/IP-Java/hw2/target/classes
  - /Users/zytfo/.m2/repository/log4j/log4j/1.2.17/log4j-1.2.17.jar
  - /Users/zytfo/.m2/repository/junit/junit/4.12/junit-4.12.jar
  - /Users/zytfo/.m2/repository/org/hamcrest/hamcrest-core/1.3/hamcrest-core-1.3.jar
  - /Users/zytfo/.m2/repository/org/mockito/mockito-all/1.9.5/mockito-all-1.9.5.jar
* Finished analyzing classpath
* Generating tests for class client.ClientMain
* Test criteria:
  - Line Coverage
  - Branch Coverage
  - Exception
  - Mutation testing (weak)
  - Method-Output Coverage
  - Top-Level Method Coverage
  - No-Exception Top-Level Method Coverage
  - Context Branch Coverage
* Setting up search algorithm for whole suite generation
[MASTER] 14:52:49.273 [pool-2-thread-1] WARN  TestSuiteSerialization - Cannot load tests because file does not exist: /Users/zytfo/Desktop/University/IP-Java/hw2/.evosuite/evosuite-seeds/client.ClientMain.seed
* Loaded 0 tests from /Users/zytfo/Desktop/University/IP-Java/hw2/.evosuite/evosuite-seeds/client.ClientMain.seed
* Total number of test goals: 
  - Line 11
  - Branch 2
  - Exception 0
  - MutationFactory 7
  - Output 0
  - Method 2
  - MethodNoException 2
  - CBranchFitnessFactory 2
* Using seed 1543665160850
* Starting evolution
[MASTER] 14:52:49.674 [pool-2-thread-1] WARN  TimeController - Phase INITIALIZATION lasted too long, 2 seconds more than allowed.
* Search finished after 20s and 2 generations, 5894 statements, best individual has fitness: 1.0
* Writing sequences to pool
* Minimizing test suite
* Going to analyze the coverage criteria
* Coverage analysis for criterion LINE
* Coverage of criterion LINE: 100%
* Total number of goals: 11
* Number of covered goals: 11
* Coverage analysis for criterion BRANCH
* Coverage of criterion BRANCH: 100%
* Total number of goals: 2
* Number of covered goals: 2
* Coverage analysis for criterion EXCEPTION
* Coverage of criterion EXCEPTION: 100% (no goals)
* Coverage analysis for criterion WEAKMUTATION
* Coverage of criterion WEAKMUTATION: 100%
* Total number of goals: 7
* Number of covered goals: 7
* Coverage analysis for criterion OUTPUT
* Coverage of criterion OUTPUT: 100% (no goals)
* Coverage analysis for criterion METHOD
* Coverage of criterion METHOD: 100%
* Total number of goals: 2
* Number of covered goals: 2
* Coverage analysis for criterion METHODNOEXCEPTION
* Coverage of criterion METHODNOEXCEPTION: 100%
* Total number of goals: 2
* Number of covered goals: 2
* Coverage analysis for criterion CBRANCH
* Coverage of criterion CBRANCH: 100%
* Total number of goals: 2
* Number of covered goals: 2
* Generated 3 tests with total length 7
* Resulting test suite's coverage: 100% (average coverage for all fitness functions)
* Generating assertions
[MASTER] 14:53:15.510 [pool-2-thread-1] WARN  SimpleMutationAssertionGenerator - Assertion minimization is taking too long (0.7378333333333333% of time used, but only 0/3 tests minimized), falling back to using all assertions
* Resulting test suite's mutation score: 0%
* Compiling and checking tests
[MASTER] 14:53:24.540 [pool-2-thread-1] WARN  TestSuiteGenerator - JUnit checking timed out
[MASTER] 14:53:24.618 [pool-2-thread-1] WARN  TimeController - Phase JUNIT_CHECK lasted too long, 2 seconds more than allowed.
* Writing JUnit test case 'ClientMain_ESTest' to /Users/zytfo/Desktop/University/IP-Java/hw2/.evosuite/tmp_2018_12_01_14_48_25/tests
* Done!

